Build started 12/24/2013 8:16:56 PM.
     1>Project "C:\Users\sgreiner\documents\visual studio 2010\Projects\sample_math\sample_math\sample_math.vcxproj" on node 2 (build target(s)).
     1>InitializeBuildStatus:
         Creating "Debug\sample_math.unsuccessfulbuild" because "AlwaysCreate" was specified.
       ClCompile:
         C:\Program Files (x86)\Microsoft Visual Studio 10.0\VC\bin\CL.exe /c /ZI /nologo /W3 /WX- /Od /Oy- /D WIN32 /D _DEBUG /D _CONSOLE /D _UNICODE /D UNICODE /Gm /EHsc /RTC1 /MDd /GS /fp:precise /Zc:wchar_t /Zc:forScope /Fo"Debug\\" /Fd"Debug\vc100.pdb" /Gd /TP /analyze- /errorReport:prompt sample_math.cpp
         sample_math.cpp
     1>c:\users\sgreiner\documents\visual studio 2010\projects\sample_math\sample_math\sample_math.cpp(26): warning C4018: '<' : signed/unsigned mismatch
       ManifestResourceCompile:
         All outputs are up-to-date.
       Link:
         C:\Program Files (x86)\Microsoft Visual Studio 10.0\VC\bin\link.exe /ERRORREPORT:PROMPT /OUT:"C:\Users\sgreiner\documents\visual studio 2010\Projects\sample_math\Debug\sample_math.exe" /INCREMENTAL /NOLOGO kernel32.lib user32.lib gdi32.lib winspool.lib comdlg32.lib advapi32.lib shell32.lib ole32.lib oleaut32.lib uuid.lib odbc32.lib odbccp32.lib /MANIFEST /ManifestFile:"Debug\sample_math.exe.intermediate.manifest" /MANIFESTUAC:"level='asInvoker' uiAccess='false'" /DEBUG /PDB:"C:\Users\sgreiner\documents\visual studio 2010\Projects\sample_math\Debug\sample_math.pdb" /SUBSYSTEM:CONSOLE /TLBID:1 /DYNAMICBASE /NXCOMPAT /IMPLIB:"C:\Users\sgreiner\documents\visual studio 2010\Projects\sample_math\Debug\sample_math.lib" /MACHINE:X86 Debug\sample_math.exe.embed.manifest.res
         Debug\sample_math.obj
       Manifest:
         C:\Program Files (x86)\Microsoft SDKs\Windows\v7.0A\bin\mt.exe /nologo /verbose /out:"Debug\sample_math.exe.embed.manifest" /manifest Debug\sample_math.exe.intermediate.manifest
         All outputs are up-to-date.
       LinkEmbedManifest:
         All outputs are up-to-date.
         sample_math.vcxproj -> C:\Users\sgreiner\documents\visual studio 2010\Projects\sample_math\Debug\sample_math.exe
       FinalizeBuildStatus:
         Deleting file "Debug\sample_math.unsuccessfulbuild".
         Touching "Debug\sample_math.lastbuildstate".
     1>Done Building Project "C:\Users\sgreiner\documents\visual studio 2010\Projects\sample_math\sample_math\sample_math.vcxproj" (build target(s)).

Build succeeded.

Time Elapsed 00:00:01.16
